{"/Users/joshmatz/Projects/InVision/integration-tests/tests.spec.js":{"path":"/Users/joshmatz/Projects/InVision/integration-tests/tests.spec.js","s":{"1":1,"2":1,"3":1,"4":1,"5":1,"6":1,"7":1,"8":1,"9":1,"10":1,"11":1,"12":1,"13":1,"14":1,"15":1,"16":1,"17":1,"18":1,"19":1,"20":1,"21":1,"22":1,"23":1,"24":1,"25":1,"26":1,"27":1,"28":1,"29":1,"30":1,"31":1,"32":1,"33":1,"34":1,"35":1,"36":1,"37":1,"38":1,"39":1,"40":1,"41":1,"42":1,"43":1,"44":1,"45":1,"46":1,"47":1,"48":1,"49":1,"50":1,"51":1,"52":1,"53":1,"54":1,"55":1,"56":1,"57":1,"58":1,"59":1,"60":1,"61":1},"b":{},"f":{"1":1,"2":1,"3":1,"4":1,"5":1,"6":1,"7":1,"8":1,"9":1,"10":1,"11":1,"12":1,"13":1,"14":1,"15":1,"16":1,"17":1,"18":1,"19":1,"20":1,"21":1,"22":1,"23":1,"24":1,"25":1},"fnMap":{"1":{"name":"(anonymous_1)","line":7,"loc":{"start":{"line":7,"column":22},"end":{"line":7,"column":33}}},"2":{"name":"(anonymous_2)","line":8,"loc":{"start":{"line":8,"column":42},"end":{"line":8,"column":57}}},"3":{"name":"(anonymous_3)","line":11,"loc":{"start":{"line":11,"column":11},"end":{"line":11,"column":30}}},"4":{"name":"(anonymous_4)","line":18,"loc":{"start":{"line":18,"column":33},"end":{"line":18,"column":44}}},"5":{"name":"(anonymous_5)","line":19,"loc":{"start":{"line":19,"column":26},"end":{"line":19,"column":37}}},"6":{"name":"(anonymous_6)","line":20,"loc":{"start":{"line":20,"column":56},"end":{"line":20,"column":71}}},"7":{"name":"(anonymous_7)","line":24,"loc":{"start":{"line":24,"column":13},"end":{"line":24,"column":32}}},"8":{"name":"(anonymous_8)","line":32,"loc":{"start":{"line":32,"column":23},"end":{"line":32,"column":34}}},"9":{"name":"(anonymous_9)","line":33,"loc":{"start":{"line":33,"column":65},"end":{"line":33,"column":80}}},"10":{"name":"(anonymous_10)","line":36,"loc":{"start":{"line":36,"column":13},"end":{"line":36,"column":32}}},"11":{"name":"(anonymous_11)","line":43,"loc":{"start":{"line":43,"column":71},"end":{"line":43,"column":86}}},"12":{"name":"(anonymous_12)","line":47,"loc":{"start":{"line":47,"column":13},"end":{"line":47,"column":32}}},"13":{"name":"(anonymous_13)","line":55,"loc":{"start":{"line":55,"column":82},"end":{"line":55,"column":97}}},"14":{"name":"(anonymous_14)","line":59,"loc":{"start":{"line":59,"column":13},"end":{"line":59,"column":32}}},"15":{"name":"(anonymous_15)","line":69,"loc":{"start":{"line":69,"column":26},"end":{"line":69,"column":37}}},"16":{"name":"(anonymous_16)","line":70,"loc":{"start":{"line":70,"column":26},"end":{"line":70,"column":37}}},"17":{"name":"(anonymous_17)","line":71,"loc":{"start":{"line":71,"column":44},"end":{"line":71,"column":59}}},"18":{"name":"(anonymous_18)","line":75,"loc":{"start":{"line":75,"column":13},"end":{"line":75,"column":32}}},"19":{"name":"(anonymous_19)","line":83,"loc":{"start":{"line":83,"column":23},"end":{"line":83,"column":34}}},"20":{"name":"(anonymous_20)","line":84,"loc":{"start":{"line":84,"column":65},"end":{"line":84,"column":80}}},"21":{"name":"(anonymous_21)","line":88,"loc":{"start":{"line":88,"column":13},"end":{"line":88,"column":32}}},"22":{"name":"(anonymous_22)","line":96,"loc":{"start":{"line":96,"column":75},"end":{"line":96,"column":90}}},"23":{"name":"(anonymous_23)","line":100,"loc":{"start":{"line":100,"column":13},"end":{"line":100,"column":32}}},"24":{"name":"(anonymous_24)","line":108,"loc":{"start":{"line":108,"column":97},"end":{"line":108,"column":112}}},"25":{"name":"(anonymous_25)","line":112,"loc":{"start":{"line":112,"column":13},"end":{"line":112,"column":32}}}},"statementMap":{"1":{"start":{"line":1,"column":0},"end":{"line":1,"column":30}},"2":{"start":{"line":2,"column":0},"end":{"line":2,"column":27}},"3":{"start":{"line":3,"column":0},"end":{"line":3,"column":35}},"4":{"start":{"line":5,"column":0},"end":{"line":5,"column":25}},"5":{"start":{"line":7,"column":0},"end":{"line":121,"column":3}},"6":{"start":{"line":8,"column":2},"end":{"line":16,"column":5}},"7":{"start":{"line":9,"column":4},"end":{"line":15,"column":9}},"8":{"start":{"line":12,"column":8},"end":{"line":12,"column":42}},"9":{"start":{"line":13,"column":8},"end":{"line":13,"column":48}},"10":{"start":{"line":14,"column":8},"end":{"line":14,"column":15}},"11":{"start":{"line":18,"column":2},"end":{"line":67,"column":5}},"12":{"start":{"line":19,"column":4},"end":{"line":30,"column":7}},"13":{"start":{"line":20,"column":6},"end":{"line":29,"column":9}},"14":{"start":{"line":21,"column":8},"end":{"line":28,"column":11}},"15":{"start":{"line":25,"column":10},"end":{"line":25,"column":56}},"16":{"start":{"line":26,"column":10},"end":{"line":26,"column":50}},"17":{"start":{"line":27,"column":10},"end":{"line":27,"column":17}},"18":{"start":{"line":32,"column":4},"end":{"line":66,"column":7}},"19":{"start":{"line":33,"column":6},"end":{"line":41,"column":9}},"20":{"start":{"line":34,"column":8},"end":{"line":40,"column":11}},"21":{"start":{"line":37,"column":10},"end":{"line":37,"column":52}},"22":{"start":{"line":38,"column":10},"end":{"line":38,"column":50}},"23":{"start":{"line":39,"column":10},"end":{"line":39,"column":17}},"24":{"start":{"line":43,"column":6},"end":{"line":53,"column":9}},"25":{"start":{"line":44,"column":8},"end":{"line":52,"column":11}},"26":{"start":{"line":48,"column":10},"end":{"line":48,"column":52}},"27":{"start":{"line":49,"column":10},"end":{"line":49,"column":98}},"28":{"start":{"line":50,"column":10},"end":{"line":50,"column":50}},"29":{"start":{"line":51,"column":10},"end":{"line":51,"column":17}},"30":{"start":{"line":55,"column":6},"end":{"line":65,"column":9}},"31":{"start":{"line":56,"column":8},"end":{"line":64,"column":11}},"32":{"start":{"line":60,"column":10},"end":{"line":60,"column":52}},"33":{"start":{"line":61,"column":10},"end":{"line":61,"column":101}},"34":{"start":{"line":62,"column":10},"end":{"line":62,"column":50}},"35":{"start":{"line":63,"column":10},"end":{"line":63,"column":17}},"36":{"start":{"line":69,"column":2},"end":{"line":120,"column":5}},"37":{"start":{"line":70,"column":4},"end":{"line":81,"column":7}},"38":{"start":{"line":71,"column":6},"end":{"line":80,"column":9}},"39":{"start":{"line":72,"column":8},"end":{"line":79,"column":11}},"40":{"start":{"line":76,"column":10},"end":{"line":76,"column":56}},"41":{"start":{"line":77,"column":10},"end":{"line":77,"column":50}},"42":{"start":{"line":78,"column":10},"end":{"line":78,"column":17}},"43":{"start":{"line":83,"column":4},"end":{"line":119,"column":7}},"44":{"start":{"line":84,"column":6},"end":{"line":94,"column":9}},"45":{"start":{"line":85,"column":8},"end":{"line":93,"column":11}},"46":{"start":{"line":89,"column":10},"end":{"line":89,"column":52}},"47":{"start":{"line":90,"column":10},"end":{"line":90,"column":90}},"48":{"start":{"line":91,"column":10},"end":{"line":91,"column":50}},"49":{"start":{"line":92,"column":10},"end":{"line":92,"column":17}},"50":{"start":{"line":96,"column":6},"end":{"line":106,"column":9}},"51":{"start":{"line":97,"column":8},"end":{"line":105,"column":11}},"52":{"start":{"line":101,"column":10},"end":{"line":101,"column":52}},"53":{"start":{"line":102,"column":10},"end":{"line":102,"column":90}},"54":{"start":{"line":103,"column":10},"end":{"line":103,"column":50}},"55":{"start":{"line":104,"column":10},"end":{"line":104,"column":17}},"56":{"start":{"line":108,"column":6},"end":{"line":118,"column":9}},"57":{"start":{"line":109,"column":8},"end":{"line":117,"column":11}},"58":{"start":{"line":113,"column":10},"end":{"line":113,"column":52}},"59":{"start":{"line":114,"column":10},"end":{"line":114,"column":82}},"60":{"start":{"line":115,"column":10},"end":{"line":115,"column":50}},"61":{"start":{"line":116,"column":10},"end":{"line":116,"column":17}}},"branchMap":{}},"/Users/joshmatz/Projects/InVision/integration-tests/server.js":{"path":"/Users/joshmatz/Projects/InVision/integration-tests/server.js","s":{"1":1,"2":1,"3":1,"4":1,"5":1,"6":1,"7":1,"8":1,"9":4,"10":1,"11":1,"12":1,"13":4,"14":4,"15":4,"16":3,"17":1,"18":1,"19":1,"20":4,"21":4,"22":4,"23":3,"24":1,"25":1,"26":1},"b":{"1":[3,1],"2":[3,1]},"f":{"1":4,"2":1,"3":4,"4":4},"fnMap":{"1":{"name":"(anonymous_1)","line":15,"loc":{"start":{"line":15,"column":20},"end":{"line":15,"column":36}}},"2":{"name":"(anonymous_2)","line":22,"loc":{"start":{"line":22,"column":16},"end":{"line":22,"column":35}}},"3":{"name":"(anonymous_3)","line":29,"loc":{"start":{"line":29,"column":29},"end":{"line":29,"column":48}}},"4":{"name":"(anonymous_4)","line":54,"loc":{"start":{"line":54,"column":26},"end":{"line":54,"column":45}}}},"statementMap":{"1":{"start":{"line":1,"column":0},"end":{"line":1,"column":33}},"2":{"start":{"line":2,"column":0},"end":{"line":2,"column":52}},"3":{"start":{"line":3,"column":0},"end":{"line":3,"column":40}},"4":{"start":{"line":5,"column":0},"end":{"line":5,"column":24}},"5":{"start":{"line":6,"column":0},"end":{"line":6,"column":34}},"6":{"start":{"line":7,"column":0},"end":{"line":7,"column":15}},"7":{"start":{"line":10,"column":0},"end":{"line":10,"column":27}},"8":{"start":{"line":13,"column":0},"end":{"line":19,"column":4}},"9":{"start":{"line":16,"column":6},"end":{"line":16,"column":28}},"10":{"start":{"line":22,"column":0},"end":{"line":26,"column":3}},"11":{"start":{"line":23,"column":2},"end":{"line":25,"column":5}},"12":{"start":{"line":29,"column":0},"end":{"line":52,"column":3}},"13":{"start":{"line":30,"column":2},"end":{"line":39,"column":5}},"14":{"start":{"line":41,"column":2},"end":{"line":41,"column":38}},"15":{"start":{"line":43,"column":2},"end":{"line":47,"column":3}},"16":{"start":{"line":44,"column":4},"end":{"line":46,"column":7}},"17":{"start":{"line":49,"column":2},"end":{"line":49,"column":43}},"18":{"start":{"line":51,"column":2},"end":{"line":51,"column":29}},"19":{"start":{"line":54,"column":0},"end":{"line":74,"column":3}},"20":{"start":{"line":55,"column":2},"end":{"line":63,"column":5}},"21":{"start":{"line":65,"column":2},"end":{"line":65,"column":38}},"22":{"start":{"line":67,"column":2},"end":{"line":71,"column":3}},"23":{"start":{"line":68,"column":4},"end":{"line":70,"column":7}},"24":{"start":{"line":73,"column":2},"end":{"line":73,"column":35}},"25":{"start":{"line":76,"column":0},"end":{"line":76,"column":28}},"26":{"start":{"line":78,"column":0},"end":{"line":78,"column":21}}},"branchMap":{"1":{"line":43,"type":"if","locations":[{"start":{"line":43,"column":2},"end":{"line":43,"column":2}},{"start":{"line":43,"column":2},"end":{"line":43,"column":2}}]},"2":{"line":67,"type":"if","locations":[{"start":{"line":67,"column":2},"end":{"line":67,"column":2}},{"start":{"line":67,"column":2},"end":{"line":67,"column":2}}]}}}}